2018-05-15 14:47:33,775 WARN  [us.codecraft.webmagic.downloader.HttpClientDownloader:91] download page https://github.com/code4craft error
   javax.net.ssl.SSLException: Received fatal alert: protocol_version
	at sun.security.ssl.Alerts.getSSLException(Alerts.java:208)
	at sun.security.ssl.Alerts.getSSLException(Alerts.java:154)
	at sun.security.ssl.SSLSocketImpl.recvAlert(SSLSocketImpl.java:2023)
	at sun.security.ssl.SSLSocketImpl.readRecord(SSLSocketImpl.java:1125)
	at sun.security.ssl.SSLSocketImpl.performInitialHandshake(SSLSocketImpl.java:1375)
	at sun.security.ssl.SSLSocketImpl.startHandshake(SSLSocketImpl.java:1403)
	at sun.security.ssl.SSLSocketImpl.startHandshake(SSLSocketImpl.java:1387)
	at org.apache.http.conn.ssl.SSLConnectionSocketFactory.createLayeredSocket(SSLConnectionSocketFactory.java:394)
	at org.apache.http.conn.ssl.SSLConnectionSocketFactory.connectSocket(SSLConnectionSocketFactory.java:353)
	at org.apache.http.impl.conn.DefaultHttpClientConnectionOperator.connect(DefaultHttpClientConnectionOperator.java:141)
	at org.apache.http.impl.conn.PoolingHttpClientConnectionManager.connect(PoolingHttpClientConnectionManager.java:353)
	at org.apache.http.impl.execchain.MainClientExec.establishRoute(MainClientExec.java:380)
	at org.apache.http.impl.execchain.MainClientExec.execute(MainClientExec.java:236)
	at org.apache.http.impl.execchain.ProtocolExec.execute(ProtocolExec.java:184)
	at org.apache.http.impl.execchain.RetryExec.execute(RetryExec.java:88)
	at org.apache.http.impl.execchain.RedirectExec.execute(RedirectExec.java:110)
	at org.apache.http.impl.client.InternalHttpClient.doExecute(InternalHttpClient.java:184)
	at org.apache.http.impl.client.CloseableHttpClient.execute(CloseableHttpClient.java:82)
	at us.codecraft.webmagic.downloader.HttpClientDownloader.download(HttpClientDownloader.java:85)
	at us.codecraft.webmagic.Spider.processRequest(Spider.java:404)
	at us.codecraft.webmagic.Spider.access$000(Spider.java:61)
	at us.codecraft.webmagic.Spider$1.run(Spider.java:320)
	at us.codecraft.webmagic.thread.CountableThreadPool$1.run(CountableThreadPool.java:74)
	at java.util.concurrent.ThreadPoolExecutor.runWorker(ThreadPoolExecutor.java:1142)
	at java.util.concurrent.ThreadPoolExecutor$Worker.run(ThreadPoolExecutor.java:617)
	at java.lang.Thread.run(Thread.java:745)
2018-05-15 14:49:25,314 WARN  [us.codecraft.webmagic.downloader.HttpClientDownloader:100] code error 404	https://github.com/contact/report
   2018-05-15 14:49:26,455 WARN  [us.codecraft.webmagic.downloader.HttpClientDownloader:100] code error 404	https://github.com/code4craft/netty
   2018-05-15 14:49:26,505 WARN  [us.codecraft.webmagic.downloader.HttpClientDownloader:100] code error 404	https://github.com/code4craft/tiny
   2018-05-15 14:49:34,029 WARN  [us.codecraft.webmagic.downloader.HttpClientDownloader:100] code error 404	https://github.com/enterprise/2
   2018-05-15 14:49:34,216 WARN  [us.codecraft.webmagic.downloader.HttpClientDownloader:100] code error 404	https://github.com/categories/site
   2018-05-15 14:49:34,324 WARN  [us.codecraft.webmagic.downloader.HttpClientDownloader:100] code error 404	https://github.com/articles/amendment
   2018-05-15 14:49:34,424 WARN  [us.codecraft.webmagic.downloader.HttpClientDownloader:100] code error 404	https://github.com/articles/adding
   2018-05-15 14:49:34,503 WARN  [us.codecraft.webmagic.downloader.HttpClientDownloader:100] code error 404	https://github.com/articles/github
   2018-05-15 14:49:36,509 WARN  [us.codecraft.webmagic.downloader.HttpClientDownloader:100] code error 404	https://github.com/articles/dmca
   2018-05-15 14:49:36,553 WARN  [us.codecraft.webmagic.downloader.HttpClientDownloader:100] code error 404	https://github.com/github/site
   2018-05-15 14:49:36,706 WARN  [us.codecraft.webmagic.downloader.HttpClientDownloader:100] code error 404	https://github.com/articles/what
   2018-05-15 14:49:38,405 WARN  [us.codecraft.webmagic.downloader.HttpClientDownloader:100] code error 404	https://github.com/articles/how
   2018-05-15 14:49:38,670 WARN  [us.codecraft.webmagic.downloader.HttpClientDownloader:100] code error 404	https://github.com/articles/guidelines
   2018-05-15 14:49:40,613 WARN  [us.codecraft.webmagic.downloader.HttpClientDownloader:100] code error 404	https://github.com/articles/global
   2018-05-15 14:49:40,893 WARN  [us.codecraft.webmagic.downloader.HttpClientDownloader:100] code error 404	https://github.com/articles/setting
   2018-05-15 14:49:58,093 WARN  [us.codecraft.webmagic.downloader.HttpClientDownloader:100] code error 404	https://github.com/rmax/scrapy
   2018-05-15 14:50:00,368 WARN  [us.codecraft.webmagic.downloader.HttpClientDownloader:100] code error 404	https://github.com/yujiosaka/headless
   2018-05-15 14:50:08,221 WARN  [us.codecraft.webmagic.downloader.HttpClientDownloader:100] code error 404	https://github.com/BruceDone/awesome
   2018-05-15 18:29:52,582 WARN  [us.codecraft.webmagic.downloader.HttpClientDownloader:91] download page https://github.com/code4craft error
   javax.net.ssl.SSLException: Received fatal alert: protocol_version
	at sun.security.ssl.Alerts.getSSLException(Alerts.java:208)
	at sun.security.ssl.Alerts.getSSLException(Alerts.java:154)
	at sun.security.ssl.SSLSocketImpl.recvAlert(SSLSocketImpl.java:2023)
	at sun.security.ssl.SSLSocketImpl.readRecord(SSLSocketImpl.java:1125)
	at sun.security.ssl.SSLSocketImpl.performInitialHandshake(SSLSocketImpl.java:1375)
	at sun.security.ssl.SSLSocketImpl.startHandshake(SSLSocketImpl.java:1403)
	at sun.security.ssl.SSLSocketImpl.startHandshake(SSLSocketImpl.java:1387)
	at org.apache.http.conn.ssl.SSLConnectionSocketFactory.createLayeredSocket(SSLConnectionSocketFactory.java:394)
	at org.apache.http.conn.ssl.SSLConnectionSocketFactory.connectSocket(SSLConnectionSocketFactory.java:353)
	at org.apache.http.impl.conn.DefaultHttpClientConnectionOperator.connect(DefaultHttpClientConnectionOperator.java:141)
	at org.apache.http.impl.conn.PoolingHttpClientConnectionManager.connect(PoolingHttpClientConnectionManager.java:353)
	at org.apache.http.impl.execchain.MainClientExec.establishRoute(MainClientExec.java:380)
	at org.apache.http.impl.execchain.MainClientExec.execute(MainClientExec.java:236)
	at org.apache.http.impl.execchain.ProtocolExec.execute(ProtocolExec.java:184)
	at org.apache.http.impl.execchain.RetryExec.execute(RetryExec.java:88)
	at org.apache.http.impl.execchain.RedirectExec.execute(RedirectExec.java:110)
	at org.apache.http.impl.client.InternalHttpClient.doExecute(InternalHttpClient.java:184)
	at org.apache.http.impl.client.CloseableHttpClient.execute(CloseableHttpClient.java:82)
	at us.codecraft.webmagic.downloader.HttpClientDownloader.download(HttpClientDownloader.java:85)
	at us.codecraft.webmagic.Spider.processRequest(Spider.java:404)
	at us.codecraft.webmagic.Spider.access$000(Spider.java:61)
	at us.codecraft.webmagic.Spider$1.run(Spider.java:320)
	at us.codecraft.webmagic.thread.CountableThreadPool$1.run(CountableThreadPool.java:74)
	at java.util.concurrent.ThreadPoolExecutor.runWorker(ThreadPoolExecutor.java:1142)
	at java.util.concurrent.ThreadPoolExecutor$Worker.run(ThreadPoolExecutor.java:617)
	at java.lang.Thread.run(Thread.java:745)
